2020-08-11 17:22:35 - PHP Warning:  mysqli::__construct(): (HY000/1044): Access denied for user ''@'localhost' to database 'mb_store-db' in /Applications/XAMPP/xamppfiles/htdocs/demo/marulaboutique/system/library/db/mysqli.php on line 7
2020-08-11 17:22:35 - PHP Warning:  DB\MySQLi::__construct(): Couldn't fetch mysqli in /Applications/XAMPP/xamppfiles/htdocs/demo/marulaboutique/system/library/db/mysqli.php on line 10
2020-08-11 17:22:35 - PHP Warning:  DB\MySQLi::__construct(): Couldn't fetch mysqli in /Applications/XAMPP/xamppfiles/htdocs/demo/marulaboutique/system/library/db/mysqli.php on line 10
2020-08-11 17:22:35 - PHP Notice:  Undefined variable: mysql in /Applications/XAMPP/xamppfiles/htdocs/demo/marulaboutique/install/controller/install/step_3.php on line 280
2020-08-11 17:22:35 - PHP Notice:  Trying to get property 'connect_error' of non-object in /Applications/XAMPP/xamppfiles/htdocs/demo/marulaboutique/install/controller/install/step_3.php on line 280
2020-08-15 4:42:02 - PHP Notice:  Undefined offset: 0 in /Applications/XAMPP/xamppfiles/htdocs/webstore/demo/marulaboutique/system/storage/modification/catalog/controller/common/cart.php on line 83
2020-08-15 4:42:02 - PHP Notice:  Undefined offset: 0 in /Applications/XAMPP/xamppfiles/htdocs/webstore/demo/marulaboutique/system/storage/modification/catalog/controller/common/cart.php on line 83
2020-08-15 4:47:52 - PHP Notice:  Undefined offset: 0 in /Applications/XAMPP/xamppfiles/htdocs/webstore/demo/marulaboutique/system/storage/modification/catalog/controller/common/cart.php on line 83
2020-08-15 4:47:52 - PHP Notice:  Undefined offset: 0 in /Applications/XAMPP/xamppfiles/htdocs/webstore/demo/marulaboutique/system/storage/modification/catalog/controller/common/cart.php on line 83
2020-08-15 4:48:12 - PHP Notice:  Undefined offset: 0 in /Applications/XAMPP/xamppfiles/htdocs/webstore/demo/marulaboutique/system/storage/modification/catalog/controller/common/cart.php on line 83
2020-08-15 4:48:12 - PHP Notice:  Undefined offset: 0 in /Applications/XAMPP/xamppfiles/htdocs/webstore/demo/marulaboutique/system/storage/modification/catalog/controller/common/cart.php on line 83
2020-08-15 4:55:23 - PHP Notice:  Undefined offset: 0 in /Applications/XAMPP/xamppfiles/htdocs/webstore/demo/marulaboutique/system/storage/modification/catalog/controller/common/cart.php on line 83
2020-08-15 4:55:23 - PHP Notice:  Undefined offset: 0 in /Applications/XAMPP/xamppfiles/htdocs/webstore/demo/marulaboutique/system/storage/modification/catalog/controller/common/cart.php on line 83
2020-08-15 4:56:40 - PHP Notice:  Undefined offset: 0 in /Applications/XAMPP/xamppfiles/htdocs/webstore/demo/marulaboutique/system/storage/modification/catalog/controller/common/cart.php on line 83
2020-08-15 4:56:40 - PHP Notice:  Undefined offset: 0 in /Applications/XAMPP/xamppfiles/htdocs/webstore/demo/marulaboutique/system/storage/modification/catalog/controller/common/cart.php on line 83
2020-08-15 4:57:53 - PHP Notice:  Undefined offset: 0 in /Applications/XAMPP/xamppfiles/htdocs/webstore/demo/marulaboutique/system/storage/modification/catalog/controller/common/cart.php on line 83
2020-08-15 4:57:53 - PHP Notice:  Undefined offset: 0 in /Applications/XAMPP/xamppfiles/htdocs/webstore/demo/marulaboutique/system/storage/modification/catalog/controller/common/cart.php on line 83
2020-08-15 4:58:16 - PHP Notice:  Undefined offset: 0 in /Applications/XAMPP/xamppfiles/htdocs/webstore/demo/marulaboutique/system/storage/modification/catalog/controller/common/cart.php on line 83
2020-08-15 4:58:16 - PHP Notice:  Undefined offset: 0 in /Applications/XAMPP/xamppfiles/htdocs/webstore/demo/marulaboutique/system/storage/modification/catalog/controller/common/cart.php on line 83
2020-08-15 4:59:13 - PHP Notice:  Undefined offset: 0 in /Applications/XAMPP/xamppfiles/htdocs/webstore/demo/marulaboutique/system/storage/modification/catalog/controller/common/cart.php on line 83
2020-08-15 4:59:13 - PHP Notice:  Undefined offset: 0 in /Applications/XAMPP/xamppfiles/htdocs/webstore/demo/marulaboutique/system/storage/modification/catalog/controller/common/cart.php on line 83
2020-08-15 5:03:32 - PHP Notice:  Undefined offset: 0 in /Applications/XAMPP/xamppfiles/htdocs/webstore/demo/marulaboutique/system/storage/modification/catalog/controller/common/cart.php on line 83
2020-08-15 5:03:32 - PHP Notice:  Undefined offset: 0 in /Applications/XAMPP/xamppfiles/htdocs/webstore/demo/marulaboutique/system/storage/modification/catalog/controller/common/cart.php on line 83
2020-08-15 5:06:19 - PHP Notice:  Undefined offset: 0 in /Applications/XAMPP/xamppfiles/htdocs/webstore/demo/marulaboutique/system/storage/modification/catalog/controller/common/cart.php on line 83
2020-08-15 5:06:19 - PHP Notice:  Undefined offset: 0 in /Applications/XAMPP/xamppfiles/htdocs/webstore/demo/marulaboutique/system/storage/modification/catalog/controller/common/cart.php on line 83
2020-08-15 5:16:59 - PHP Notice:  Undefined offset: 0 in /Applications/XAMPP/xamppfiles/htdocs/webstore/demo/marulaboutique/system/storage/modification/catalog/controller/common/cart.php on line 83
2020-08-15 5:16:59 - PHP Notice:  Undefined offset: 0 in /Applications/XAMPP/xamppfiles/htdocs/webstore/demo/marulaboutique/system/storage/modification/catalog/controller/common/cart.php on line 83
2020-08-17 13:02:09 - PHP Notice:  Undefined offset: 0 in /Applications/XAMPP/xamppfiles/htdocs/webstore/demo/marulaboutique/system/storage/modification/catalog/controller/common/cart.php on line 83
2020-08-17 13:02:09 - PHP Notice:  Undefined offset: 0 in /Applications/XAMPP/xamppfiles/htdocs/webstore/demo/marulaboutique/system/storage/modification/catalog/controller/common/cart.php on line 83
2020-08-17 13:03:37 - PHP Notice:  Undefined offset: 0 in /Applications/XAMPP/xamppfiles/htdocs/webstore/demo/marulaboutique/system/storage/modification/catalog/controller/common/cart.php on line 83
2020-08-17 13:03:37 - PHP Notice:  Undefined offset: 0 in /Applications/XAMPP/xamppfiles/htdocs/webstore/demo/marulaboutique/system/storage/modification/catalog/controller/common/cart.php on line 83
2020-08-17 13:06:02 - PHP Notice:  Undefined offset: 0 in /Applications/XAMPP/xamppfiles/htdocs/webstore/demo/marulaboutique/system/storage/modification/catalog/controller/common/cart.php on line 83
2020-08-17 13:06:02 - PHP Notice:  Undefined offset: 0 in /Applications/XAMPP/xamppfiles/htdocs/webstore/demo/marulaboutique/system/storage/modification/catalog/controller/common/cart.php on line 83
2020-08-17 13:06:12 - PHP Notice:  Undefined offset: 0 in /Applications/XAMPP/xamppfiles/htdocs/webstore/demo/marulaboutique/system/storage/modification/catalog/controller/common/cart.php on line 83
2020-08-17 13:06:12 - PHP Notice:  Undefined offset: 0 in /Applications/XAMPP/xamppfiles/htdocs/webstore/demo/marulaboutique/system/storage/modification/catalog/controller/common/cart.php on line 83
2020-08-17 13:06:23 - PHP Notice:  Undefined offset: 0 in /Applications/XAMPP/xamppfiles/htdocs/webstore/demo/marulaboutique/system/storage/modification/catalog/controller/common/cart.php on line 83
2020-08-17 13:06:23 - PHP Notice:  Undefined offset: 0 in /Applications/XAMPP/xamppfiles/htdocs/webstore/demo/marulaboutique/system/storage/modification/catalog/controller/common/cart.php on line 83
2020-08-17 13:06:36 - PHP Notice:  Undefined offset: 0 in /Applications/XAMPP/xamppfiles/htdocs/webstore/demo/marulaboutique/system/storage/modification/catalog/controller/common/cart.php on line 83
2020-08-17 13:06:36 - PHP Notice:  Undefined offset: 0 in /Applications/XAMPP/xamppfiles/htdocs/webstore/demo/marulaboutique/system/storage/modification/catalog/controller/common/cart.php on line 83
2020-08-17 13:09:04 - PHP Notice:  Undefined offset: 0 in /Applications/XAMPP/xamppfiles/htdocs/webstore/demo/marulaboutique/system/storage/modification/catalog/controller/common/cart.php on line 83
2020-08-17 13:09:04 - PHP Notice:  Undefined offset: 0 in /Applications/XAMPP/xamppfiles/htdocs/webstore/demo/marulaboutique/system/storage/modification/catalog/controller/common/cart.php on line 83
2020-08-17 13:10:39 - PHP Notice:  Undefined offset: 0 in /Applications/XAMPP/xamppfiles/htdocs/webstore/demo/marulaboutique/system/storage/modification/catalog/controller/common/cart.php on line 83
2020-08-17 13:10:39 - PHP Notice:  Undefined offset: 0 in /Applications/XAMPP/xamppfiles/htdocs/webstore/demo/marulaboutique/system/storage/modification/catalog/controller/common/cart.php on line 83
2020-08-17 13:12:00 - PHP Notice:  Undefined offset: 0 in /Applications/XAMPP/xamppfiles/htdocs/webstore/demo/marulaboutique/system/storage/modification/catalog/controller/common/cart.php on line 83
2020-08-17 13:12:00 - PHP Notice:  Undefined offset: 0 in /Applications/XAMPP/xamppfiles/htdocs/webstore/demo/marulaboutique/system/storage/modification/catalog/controller/common/cart.php on line 83
2020-08-17 13:12:48 - PHP Notice:  Undefined offset: 0 in /Applications/XAMPP/xamppfiles/htdocs/webstore/demo/marulaboutique/system/storage/modification/catalog/controller/common/cart.php on line 83
2020-08-17 13:12:48 - PHP Notice:  Undefined offset: 0 in /Applications/XAMPP/xamppfiles/htdocs/webstore/demo/marulaboutique/system/storage/modification/catalog/controller/common/cart.php on line 83
2020-08-17 13:12:55 - PHP Notice:  Undefined offset: 0 in /Applications/XAMPP/xamppfiles/htdocs/webstore/demo/marulaboutique/system/storage/modification/catalog/controller/common/cart.php on line 83
2020-08-17 13:12:55 - PHP Notice:  Undefined offset: 0 in /Applications/XAMPP/xamppfiles/htdocs/webstore/demo/marulaboutique/system/storage/modification/catalog/controller/common/cart.php on line 83
2020-08-17 13:13:03 - PHP Notice:  Undefined offset: 0 in /Applications/XAMPP/xamppfiles/htdocs/webstore/demo/marulaboutique/system/storage/modification/catalog/controller/common/cart.php on line 83
2020-08-17 13:13:03 - PHP Notice:  Undefined offset: 0 in /Applications/XAMPP/xamppfiles/htdocs/webstore/demo/marulaboutique/system/storage/modification/catalog/controller/common/cart.php on line 83
2020-08-17 13:31:27 - PHP Notice:  Undefined offset: 0 in /Applications/XAMPP/xamppfiles/htdocs/webstore/demo/marulaboutique/system/storage/modification/catalog/controller/common/cart.php on line 83
2020-08-17 13:31:27 - PHP Notice:  Undefined offset: 0 in /Applications/XAMPP/xamppfiles/htdocs/webstore/demo/marulaboutique/system/storage/modification/catalog/controller/common/cart.php on line 83
2020-08-17 13:48:34 - PHP Notice:  Undefined offset: 0 in /Applications/XAMPP/xamppfiles/htdocs/webstore/demo/marulaboutique/system/storage/modification/catalog/controller/common/cart.php on line 83
2020-08-17 13:48:34 - PHP Notice:  Undefined offset: 0 in /Applications/XAMPP/xamppfiles/htdocs/webstore/demo/marulaboutique/system/storage/modification/catalog/controller/common/cart.php on line 83
2020-08-17 13:48:38 - PHP Notice:  Undefined offset: 0 in /Applications/XAMPP/xamppfiles/htdocs/webstore/demo/marulaboutique/system/storage/modification/catalog/controller/common/cart.php on line 83
2020-08-17 13:48:38 - PHP Notice:  Undefined offset: 0 in /Applications/XAMPP/xamppfiles/htdocs/webstore/demo/marulaboutique/system/storage/modification/catalog/controller/common/cart.php on line 83
2020-08-17 13:52:39 - PHP Notice:  Undefined offset: 0 in /Applications/XAMPP/xamppfiles/htdocs/webstore/demo/marulaboutique/system/storage/modification/catalog/controller/common/cart.php on line 83
2020-08-17 13:52:39 - PHP Notice:  Undefined offset: 0 in /Applications/XAMPP/xamppfiles/htdocs/webstore/demo/marulaboutique/system/storage/modification/catalog/controller/common/cart.php on line 83
2020-08-17 13:52:39 - PHP Notice:  Undefined offset: 0 in /Applications/XAMPP/xamppfiles/htdocs/webstore/demo/marulaboutique/system/storage/modification/catalog/controller/common/cart.php on line 83
2020-08-17 13:52:39 - PHP Notice:  Undefined offset: 0 in /Applications/XAMPP/xamppfiles/htdocs/webstore/demo/marulaboutique/system/storage/modification/catalog/controller/common/cart.php on line 83
2020-08-17 13:52:43 - PHP Notice:  Undefined offset: 0 in /Applications/XAMPP/xamppfiles/htdocs/webstore/demo/marulaboutique/system/storage/modification/catalog/controller/common/cart.php on line 83
2020-08-17 13:52:43 - PHP Notice:  Undefined offset: 0 in /Applications/XAMPP/xamppfiles/htdocs/webstore/demo/marulaboutique/system/storage/modification/catalog/controller/common/cart.php on line 83
2020-08-18 15:12:48 - PHP Notice:  Undefined index: product_id in /Applications/XAMPP/xamppfiles/htdocs/webstore_Demo/demo/marulaboutique/system/storage/modification/admin/controller/catalog/product.php on line 1161
